<?xml version="1.0" encoding="UTF-8"?>
<testsuite xmlns:xsi="http://www.w3.org/2001/XMLSchema-instance" xsi:noNamespaceSchemaLocation="https://maven.apache.org/surefire/maven-surefire-plugin/xsd/surefire-test-report.xsd" name="pdpDataProjections.AppTest" time="0.592" tests="1" errors="0" skipped="0" failures="1">
  <properties>
[...]
</properties>
  <testcase name="kafkaConnectShouldAnswer" classname="pdpDataProjections.AppTest" time="0.569">
    <failure message="&#10;Expected: is &quot;[]&quot;&#10;     but: was &quot;[\&quot;inventory-connector\&quot;]&quot;" type="java.lang.AssertionError">java.lang.AssertionError: 

Expected: is "[]"
     but: was "[\"inventory-connector\"]"
	at pdpDataProjections.AppTest.kafkaConnectShouldAnswer(AppTest.java:41)
</failure>
  </testcase>
</testsuite>